#
# A fatal error has been detected by the Java Runtime Environment:
#
#  SIGSEGV (0xb) at pc=0x00007f4d6bf18cfe, pid=29442, tid=139969975506688
#
# JRE version: Java(TM) SE Runtime Environment (8.0_31-b13) (build 1.8.0_31-b13)
# Java VM: Java HotSpot(TM) 64-Bit Server VM (25.31-b07 mixed mode linux-amd64 compressed oops)
# Problematic frame:
# V  [libjvm.so+0x873cfe]  Method::checked_resolve_jmethod_id(_jmethodID*)+0x2e
#
# Failed to write core dump. Core dumps have been disabled. To enable core dumping, try "ulimit -c unlimited" before starting Java again
#
# If you would like to submit a bug report, please visit:
#   http://bugreport.java.com/bugreport/crash.jsp
#

---------------  T H R E A D  ---------------

Current thread (0x00007f4d640bd800):  JavaThread "JDWP Transport Listener: dt_socket" daemon [_thread_in_vm, id=29459, stack(0x00007f4d4c9b5000,0x00007f4d4cab6000)]

siginfo: si_signo: 11 (SIGSEGV), si_code: 128 (SI_KERNEL), si_addr: 0x0000000000000000

Registers:
RAX=0x0000000000000001, RBX=0x003b6e6f69737365, RCX=0x00007f4d6d021320, RDX=0x00007f4d6c6007c0
RSP=0x00007f4d4cab4910, RBP=0x00007f4d4cab4920, RSI=0x00007f4d640bd800, RDI=0x00007f4d20003c70
R8 =0x0000000000000000, R9 =0x00007f4d20007ca0, R10=0x0000000000000040, R11=0x00007f4d6c7b2010
R12=0x0000000000000017, R13=0x00007f4d20003c70, R14=0x00007f4d640bd800, R15=0x00007f4d4cab4a27
RIP=0x00007f4d6bf18cfe, EFLAGS=0x0000000000010216, CSGSFS=0x0000000000000033, ERR=0x0000000000000000
  TRAPNO=0x000000000000000d

Top of Stack: (sp=0x00007f4d4cab4910)
0x00007f4d4cab4910:   0000000000000074 00007f4d640048a0
0x00007f4d4cab4920:   00007f4d4cab4990 00007f4d6bdae28e
0x00007f4d4cab4930:   00007f4d20007ca0 00007f4d4cab4940
0x00007f4d4cab4940:   00007f4d640bd800 0000000000000000
0x00007f4d4cab4950:   00007f4d00000000 0000000000000000
0x00007f4d4cab4960:   00007f4d4cab4980 00007f4d6ad5bd60
0x00007f4d4cab4970:   00007f4d20003c70 00007f4d4cab4a27
0x00007f4d4cab4980:   000000000000000b 00007f4d4cab4a27
0x00007f4d4cab4990:   00007f4d4cab49c0 00007f4d6ab47872
0x00007f4d4cab49a0:   00007f4d4cab49c0 00007f4d20003c70
0x00007f4d4cab49b0:   00007f4d4cab4a90 0000000000000058
0x00007f4d4cab49c0:   00007f4d4cab4a50 00007f4d6ab28a60
0x00007f4d4cab49d0:   00007f4d4cab4a08 00007f4d4cab4a00
0x00007f4d4cab49e0:   00007f4d4cab49f8 00007f4d4cab4a1c
0x00007f4d4cab49f0:   0000000120002f00 0000000000000000
0x00007f4d4cab4a00:   0000000000000000 0000000000000000
0x00007f4d4cab4a10:   00007f4d2000c180 000000014cab4a90
0x00007f4d4cab4a20:   000000000000000c 0000000000000002
0x00007f4d4cab4a30:   000000000000000f 0000000000000002
0x00007f4d4cab4a40:   00000000000f0200 000000000000000f
0x00007f4d4cab4a50:   00007f4d4cab4ca0 00007f4d6ab33976
0x00007f4d4cab4a60:   0000012c00000013 00007f4d6b0f0200
0x00007f4d4cab4a70:   00007f4d24000fb0 00007f4d6ad5bd60
0x00007f4d4cab4a80:   00007f4d4cab4a90 00007f4d4cab4c20
0x00007f4d4cab4a90:   00007f4d20007c82 00007f4d00000016
0x00007f4d4cab4aa0:   00007f4d200077f0 000000000000012c
0x00007f4d4cab4ab0:   00007f4d4cab4ae0 00007f4d200077f0
0x00007f4d4cab4ac0:   00007f0000000000 0000012c0000001c
0x00007f4d4cab4ad0:   00007f4d00004c80 00007f4d4cab4ae0
0x00007f4d4cab4ae0:   4d7f00000c000000 05000000683d0020
0x00007f4d4cab4af0:   0000006873756c66 68616b696b4c2821
0x00007f4d4cab4b00:   732f65726f632f61 2f79746972756365 

Instructions: (pc=0x00007f4d6bf18cfe)
0x00007f4d6bf18cde:   31 db 48 89 d8 48 83 c4 08 5b c9 c3 66 0f 1f 44
0x00007f4d6bf18cee:   00 00 48 8b 1f 48 85 db 74 e6 48 83 fb 37 74 e0
0x00007f4d6bf18cfe:   48 8b 03 48 89 df ff 50 10 84 c0 0f 1f 80 00 00
0x00007f4d6bf18d0e:   00 00 75 ce 66 0f 1f 44 00 00 eb c4 66 0f 1f 44 

Register to memory mapping:

RAX=0x0000000000000001 is an unknown value
RBX=0x003b6e6f69737365 is an unknown value
RCX=0x00007f4d6d021320: <offset 0x219320> in /lib/x86_64-linux-gnu/libpthread.so.0 at 0x00007f4d6ce08000
RDX=0x00007f4d6c6007c0: <offset 0xf5b7c0> in /home/miere/Programs/jdk1.8.0_31/jre/lib/amd64/server/libjvm.so at 0x00007f4d6b6a5000
RSP=0x00007f4d4cab4910 is pointing into the stack for thread: 0x00007f4d640bd800
RBP=0x00007f4d4cab4920 is pointing into the stack for thread: 0x00007f4d640bd800
RSI=0x00007f4d640bd800 is a thread
RDI=0x00007f4d20003c70 is an unknown value
R8 =0x0000000000000000 is an unknown value
R9 =0x00007f4d20007ca0 is an unknown value
R10=0x0000000000000040 is an unknown value
R11=0x00007f4d6c7b2010: <offset 0x187010> in /lib/x86_64-linux-gnu/libc.so.6 at 0x00007f4d6c62b000
R12=0x0000000000000017 is an unknown value
R13=0x00007f4d20003c70 is an unknown value
R14=0x00007f4d640bd800 is a thread
R15=0x00007f4d4cab4a27 is pointing into the stack for thread: 0x00007f4d640bd800


Stack: [0x00007f4d4c9b5000,0x00007f4d4cab6000],  sp=0x00007f4d4cab4910,  free space=1022k
Native frames: (J=compiled Java code, j=interpreted, Vv=VM code, C=native code)
V  [libjvm.so+0x873cfe]  Method::checked_resolve_jmethod_id(_jmethodID*)+0x2e
V  [libjvm.so+0x70928e]  jvmti_IsMethodSynthetic+0x29e
C  [libjdwp.so+0x25872]  isMethodSynthetic+0x42
C  [libjdwp.so+0x6a60]  methods1+0x1b0
C  [libjdwp.so+0x11976]  debugLoop_run+0x2b6
C  [libjdwp.so+0x247af]  attachThread+0x2f
V  [libjvm.so+0x774ff2]  JvmtiAgentThread::call_start_function()+0xc2
V  [libjvm.so+0xa2a9ef]  JavaThread::thread_main_inner()+0xdf
V  [libjvm.so+0xa2ab1c]  JavaThread::run()+0x11c
V  [libjvm.so+0x8e8158]  java_start(Thread*)+0x108
C  [libpthread.so.0+0x80a5]  start_thread+0xc5


---------------  P R O C E S S  ---------------

Java Threads: ( => current thread )
  0x00007f4d64216000 JavaThread "ReaderThread" [_thread_in_native, id=29470, stack(0x00007f4d47ece000,0x00007f4d47fcf000)]
  0x00007f4d640dd800 JavaThread "Service Thread" daemon [_thread_blocked, id=29468, stack(0x00007f4d4c3af000,0x00007f4d4c4b0000)]
  0x00007f4d640c8000 JavaThread "C1 CompilerThread2" daemon [_thread_blocked, id=29467, stack(0x00007f4d4c4b0000,0x00007f4d4c5b1000)]
  0x00007f4d640c6000 JavaThread "C2 CompilerThread1" daemon [_thread_blocked, id=29466, stack(0x00007f4d4c5b1000,0x00007f4d4c6b2000)]
  0x00007f4d640c3000 JavaThread "C2 CompilerThread0" daemon [_thread_blocked, id=29465, stack(0x00007f4d4c6b2000,0x00007f4d4c7b3000)]
  0x00007f4d20001000 JavaThread "JDWP Command Reader" daemon [_thread_in_native, id=29461, stack(0x00007f4d4c7b3000,0x00007f4d4c8b4000)]
  0x00007f4d640c1000 JavaThread "JDWP Event Helper Thread" daemon [_thread_blocked, id=29460, stack(0x00007f4d4c8b4000,0x00007f4d4c9b5000)]
=>0x00007f4d640bd800 JavaThread "JDWP Transport Listener: dt_socket" daemon [_thread_in_vm, id=29459, stack(0x00007f4d4c9b5000,0x00007f4d4cab6000)]
  0x00007f4d640ad800 JavaThread "Signal Dispatcher" daemon [_thread_blocked, id=29457, stack(0x00007f4d4ccba000,0x00007f4d4cdbb000)]
  0x00007f4d64081000 JavaThread "Finalizer" daemon [_thread_blocked, id=29456, stack(0x00007f4d4cdbb000,0x00007f4d4cebc000)]
  0x00007f4d6407f000 JavaThread "Reference Handler" daemon [_thread_blocked, id=29455, stack(0x00007f4d4cebc000,0x00007f4d4cfbd000)]
  0x00007f4d6400e000 JavaThread "main" [_thread_blocked, id=29443, stack(0x00007f4d6d124000,0x00007f4d6d225000)]

Other Threads:
  0x00007f4d6407a000 VMThread [stack: 0x00007f4d4cfbd000,0x00007f4d4d0be000] [id=29454]
  0x00007f4d640e8000 WatcherThread [stack: 0x00007f4d4c2ae000,0x00007f4d4c3af000] [id=29469]

VM state:not at safepoint (normal execution)

VM Mutex/Monitor currently owned by a thread: None

Heap:
 PSYoungGen      total 27648K, used 23556K [0x00000000e1d80000, 0x00000000e3c00000, 0x0000000100000000)
  eden space 24064K, 83% used [0x00000000e1d80000,0x00000000e3112058,0x00000000e3500000)
  from space 3584K, 98% used [0x00000000e3500000,0x00000000e386f0d0,0x00000000e3880000)
  to   space 3584K, 0% used [0x00000000e3880000,0x00000000e3880000,0x00000000e3c00000)
 ParOldGen       total 62976K, used 8K [0x00000000a5800000, 0x00000000a9580000, 0x00000000e1d80000)
  object space 62976K, 0% used [0x00000000a5800000,0x00000000a5802000,0x00000000a9580000)
 Metaspace       used 8605K, capacity 8712K, committed 8832K, reserved 1056768K
  class space    used 1052K, capacity 1112K, committed 1152K, reserved 1048576K

Card table byte_map: [0x00007f4d69150000,0x00007f4d69425000] byte_map_base: 0x00007f4d68c24000

Marking Bits: (ParMarkBitMap*) 0x00007f4d6c6002a0
 Begin Bits: [0x00007f4d4d2c0000, 0x00007f4d4e960000)
 End Bits:   [0x00007f4d4e960000, 0x00007f4d50000000)

Polling page: 0x00007f4d6d245000

CodeCache: size=245760Kb used=3386Kb max_used=3405Kb free=242373Kb
 bounds [0x00007f4d55000000, 0x00007f4d55360000, 0x00007f4d64000000]
 total_blobs=1128 nmethods=845 adapters=206
 compilation: enabled

Compilation events (10 events):
Event: 1,352 Thread 0x00007f4d640c8000  845   !   3       java.util.jar.JarFile$JarFileEntry::getCodeSigners (78 bytes)
Event: 1,353 Thread 0x00007f4d640c8000 nmethod 845 0x00007f4d553483d0 code [0x00007f4d553485a0, 0x00007f4d55348b98]
Event: 1,353 Thread 0x00007f4d640c8000  844       3       sun.reflect.generics.tree.SimpleClassTypeSignature::make (11 bytes)
Event: 1,354 Thread 0x00007f4d640c8000 nmethod 844 0x00007f4d55348e10 code [0x00007f4d55348f80, 0x00007f4d553491f0]
Event: 1,358 Thread 0x00007f4d640c6000 nmethod 815 0x00007f4d5534d650 code [0x00007f4d5534da00, 0x00007f4d5534f0b0]
Event: 1,358 Thread 0x00007f4d640c6000  837   !   4       sun.reflect.generics.parser.SignatureParser::current (40 bytes)
Event: 1,359 Thread 0x00007f4d640c6000 nmethod 837 0x00007f4d5534a650 code [0x00007f4d5534a7a0, 0x00007f4d5534a898]
Event: 1,359 Thread 0x00007f4d640c6000  841       4       sun.reflect.generics.parser.SignatureParser::advance (37 bytes)
Event: 1,359 Thread 0x00007f4d640c6000 nmethod 841 0x00007f4d5530d590 code [0x00007f4d5530d6e0, 0x00007f4d5530d738]
Event: 1,432 Thread 0x00007f4d640c3000 nmethod 827 0x00007f4d55354310 code [0x00007f4d55354640, 0x00007f4d55356528]

GC Heap History (2 events):
Event: 1,023 GC heap before
{Heap before GC invocations=1 (full 0):
 PSYoungGen      total 27648K, used 24064K [0x00000000e1d80000, 0x00000000e3c00000, 0x0000000100000000)
  eden space 24064K, 100% used [0x00000000e1d80000,0x00000000e3500000,0x00000000e3500000)
  from space 3584K, 0% used [0x00000000e3880000,0x00000000e3880000,0x00000000e3c00000)
  to   space 3584K, 0% used [0x00000000e3500000,0x00000000e3500000,0x00000000e3880000)
 ParOldGen       total 62976K, used 0K [0x00000000a5800000, 0x00000000a9580000, 0x00000000e1d80000)
  object space 62976K, 0% used [0x00000000a5800000,0x00000000a5800000,0x00000000a9580000)
 Metaspace       used 7284K, capacity 7414K, committed 7680K, reserved 1056768K
  class space    used 886K, capacity 917K, committed 1024K, reserved 1048576K
Event: 1,028 GC heap after
Heap after GC invocations=1 (full 0):
 PSYoungGen      total 27648K, used 3516K [0x00000000e1d80000, 0x00000000e3c00000, 0x0000000100000000)
  eden space 24064K, 0% used [0x00000000e1d80000,0x00000000e1d80000,0x00000000e3500000)
  from space 3584K, 98% used [0x00000000e3500000,0x00000000e386f0d0,0x00000000e3880000)
  to   space 3584K, 0% used [0x00000000e3880000,0x00000000e3880000,0x00000000e3c00000)
 ParOldGen       total 62976K, used 8K [0x00000000a5800000, 0x00000000a9580000, 0x00000000e1d80000)
  object space 62976K, 0% used [0x00000000a5800000,0x00000000a5802000,0x00000000a9580000)
 Metaspace       used 7284K, capacity 7414K, committed 7680K, reserved 1056768K
  class space    used 886K, capacity 917K, committed 1024K, reserved 1048576K
}

Deoptimization events (2 events):
Event: 0,967 Thread 0x00007f4d6400e000 Uncommon trap: reason=unreached action=reinterpret pc=0x00007f4d551d9610 method=java.lang.AbstractStringBuilder.append(Ljava/lang/String;)Ljava/lang/AbstractStringBuilder; @ 1
Event: 1,340 Thread 0x00007f4d6400e000 Uncommon trap: reason=range_check action=make_not_entrant pc=0x00007f4d5530e1f0 method=sun.reflect.generics.parser.SignatureParser.current()C @ 34

Internal exceptions (10 events):
Event: 1,348 Thread 0x00007f4d6400e000 Exception <a 'java/lang/ArrayIndexOutOfBoundsException': 98> (0x00000000e2fd9fa8) thrown at [/HUDSON/workspace/8-2-build-linux-amd64/jdk8u31/2394/hotspot/src/share/vm/interpreter/interpreterRuntime.cpp, line 366]
Event: 1,348 Thread 0x00007f4d6400e000 Exception <a 'java/lang/ArrayIndexOutOfBoundsException': 43> (0x00000000e2fdadc8) thrown at [/HUDSON/workspace/8-2-build-linux-amd64/jdk8u31/2394/hotspot/src/share/vm/interpreter/interpreterRuntime.cpp, line 366]
Event: 1,349 Thread 0x00007f4d6400e000 Exception <a 'java/security/PrivilegedActionException'> (0x00000000e2fdb930) thrown at [/HUDSON/workspace/8-2-build-linux-amd64/jdk8u31/2394/hotspot/src/share/vm/prims/jvm.cpp, line 1312]
Event: 1,349 Thread 0x00007f4d6400e000 Exception <a 'java/lang/ArrayIndexOutOfBoundsException': 96> (0x00000000e2fe2238) thrown at [/HUDSON/workspace/8-2-build-linux-amd64/jdk8u31/2394/hotspot/src/share/vm/interpreter/interpreterRuntime.cpp, line 366]
Event: 1,350 Thread 0x00007f4d6400e000 Exception <a 'java/lang/ArrayIndexOutOfBoundsException': 40> (0x00000000e2fe3038) thrown at [/HUDSON/workspace/8-2-build-linux-amd64/jdk8u31/2394/hotspot/src/share/vm/interpreter/interpreterRuntime.cpp, line 366]
Event: 1,350 Thread 0x00007f4d6400e000 Exception <a 'java/lang/ArrayIndexOutOfBoundsException': 91> (0x00000000e2fe41f0) thrown at [/HUDSON/workspace/8-2-build-linux-amd64/jdk8u31/2394/hotspot/src/share/vm/interpreter/interpreterRuntime.cpp, line 366]
Event: 1,350 Thread 0x00007f4d6400e000 Exception <a 'java/lang/ArrayIndexOutOfBoundsException': 100> (0x00000000e2fe5708) thrown at [/HUDSON/workspace/8-2-build-linux-amd64/jdk8u31/2394/hotspot/src/share/vm/interpreter/interpreterRuntime.cpp, line 366]
Event: 1,350 Thread 0x00007f4d6400e000 Exception <a 'java/lang/ArrayIndexOutOfBoundsException': 99> (0x00000000e2fe6bd8) thrown at [/HUDSON/workspace/8-2-build-linux-amd64/jdk8u31/2394/hotspot/src/share/vm/interpreter/interpreterRuntime.cpp, line 366]
Event: 1,350 Thread 0x00007f4d6400e000 Exception <a 'java/security/PrivilegedActionException'> (0x00000000e2fe7928) thrown at [/HUDSON/workspace/8-2-build-linux-amd64/jdk8u31/2394/hotspot/src/share/vm/prims/jvm.cpp, line 1312]
Event: 1,354 Thread 0x00007f4d6400e000 Exception <a 'java/security/PrivilegedActionException'> (0x00000000e300c028) thrown at [/HUDSON/workspace/8-2-build-linux-amd64/jdk8u31/2394/hotspot/src/share/vm/prims/jvm.cpp, line 1312]

Events (10 events):
Event: 464,927 Executing VM operation: GetCurrentLocation
Event: 464,928 Executing VM operation: GetCurrentLocation done
Event: 464,928 Executing VM operation: EnterInterpOnlyMode
Event: 464,928 Executing VM operation: EnterInterpOnlyMode done
Event: 464,928 Executing VM operation: ChangeSingleStep
Event: 464,928 Executing VM operation: ChangeSingleStep done
Event: 464,928 Executing VM operation: ChangeSingleStep
Event: 464,928 Executing VM operation: ChangeSingleStep done
Event: 464,940 Executing VM operation: RedefineClasses
Event: 464,948 Executing VM operation: RedefineClasses done


Dynamic libraries:
00400000-00401000 r-xp 00000000 08:01 5636171                            /home/miere/Programs/jdk1.8.0_31/bin/java
00600000-00601000 rw-p 00000000 08:01 5636171                            /home/miere/Programs/jdk1.8.0_31/bin/java
00d68000-00d89000 rw-p 00000000 00:00 0                                  [heap]
a5800000-a9580000 rw-p 00000000 00:00 0 
a9580000-e1d80000 ---p 00000000 00:00 0 
e1d80000-e3c00000 rw-p 00000000 00:00 0 
e3c00000-100000000 ---p 00000000 00:00 0 
100000000-100120000 rw-p 00000000 00:00 0 
100120000-140000000 ---p 00000000 00:00 0 
7f4d00000000-7f4d00021000 rw-p 00000000 00:00 0 
7f4d00021000-7f4d04000000 ---p 00000000 00:00 0 
7f4d08000000-7f4d08021000 rw-p 00000000 00:00 0 
7f4d08021000-7f4d0c000000 ---p 00000000 00:00 0 
7f4d0c000000-7f4d0c021000 rw-p 00000000 00:00 0 
7f4d0c021000-7f4d10000000 ---p 00000000 00:00 0 
7f4d10000000-7f4d1020d000 rw-p 00000000 00:00 0 
7f4d1020d000-7f4d14000000 ---p 00000000 00:00 0 
7f4d14000000-7f4d142d2000 rw-p 00000000 00:00 0 
7f4d142d2000-7f4d18000000 ---p 00000000 00:00 0 
7f4d18000000-7f4d182b2000 rw-p 00000000 00:00 0 
7f4d182b2000-7f4d1c000000 ---p 00000000 00:00 0 
7f4d20000000-7f4d2029c000 rw-p 00000000 00:00 0 
7f4d2029c000-7f4d24000000 ---p 00000000 00:00 0 
7f4d24000000-7f4d24021000 rw-p 00000000 00:00 0 
7f4d24021000-7f4d28000000 ---p 00000000 00:00 0 
7f4d28000000-7f4d28021000 rw-p 00000000 00:00 0 
7f4d28021000-7f4d2c000000 ---p 00000000 00:00 0 
7f4d2c000000-7f4d2c021000 rw-p 00000000 00:00 0 
7f4d2c021000-7f4d30000000 ---p 00000000 00:00 0 
7f4d30000000-7f4d30021000 rw-p 00000000 00:00 0 
7f4d30021000-7f4d34000000 ---p 00000000 00:00 0 
7f4d34000000-7f4d34021000 rw-p 00000000 00:00 0 
7f4d34021000-7f4d38000000 ---p 00000000 00:00 0 
7f4d38000000-7f4d38021000 rw-p 00000000 00:00 0 
7f4d38021000-7f4d3c000000 ---p 00000000 00:00 0 
7f4d3c000000-7f4d3c03e000 rw-p 00000000 00:00 0 
7f4d3c03e000-7f4d40000000 ---p 00000000 00:00 0 
7f4d40000000-7f4d40021000 rw-p 00000000 00:00 0 
7f4d40021000-7f4d44000000 ---p 00000000 00:00 0 
7f4d47ece000-7f4d47ed1000 ---p 00000000 00:00 0 
7f4d47ed1000-7f4d48000000 rw-p 00000000 00:00 0                          [stack:29470]
7f4d48000000-7f4d48021000 rw-p 00000000 00:00 0 
7f4d48021000-7f4d4c000000 ---p 00000000 00:00 0 
7f4d4c021000-7f4d4c037000 r-xp 00000000 08:01 5637800                    /home/miere/Programs/jdk1.8.0_31/jre/lib/amd64/libnet.so
7f4d4c037000-7f4d4c237000 ---p 00016000 08:01 5637800                    /home/miere/Programs/jdk1.8.0_31/jre/lib/amd64/libnet.so
7f4d4c237000-7f4d4c238000 rw-p 00016000 08:01 5637800                    /home/miere/Programs/jdk1.8.0_31/jre/lib/amd64/libnet.so
7f4d4c238000-7f4d4c25c000 r--s 001aa000 08:01 132274                     /home/miere/.m2/repository/com/google/guava/guava/13.0.1/guava-13.0.1.jar
7f4d4c25c000-7f4d4c2ae000 r--s 003ab000 08:01 11816008                   /home/miere/.m2/repository/com/hazelcast/hazelcast/3.4.2/hazelcast-3.4.2.jar
7f4d4c2ae000-7f4d4c2af000 ---p 00000000 00:00 0 
7f4d4c2af000-7f4d4c3af000 rw-p 00000000 00:00 0                          [stack:29469]
7f4d4c3af000-7f4d4c3b2000 ---p 00000000 00:00 0 
7f4d4c3b2000-7f4d4c4b0000 rw-p 00000000 00:00 0                          [stack:29468]
7f4d4c4b0000-7f4d4c4b3000 ---p 00000000 00:00 0 
7f4d4c4b3000-7f4d4c5b1000 rw-p 00000000 00:00 0                          [stack:29467]
7f4d4c5b1000-7f4d4c5b4000 ---p 00000000 00:00 0 
7f4d4c5b4000-7f4d4c6b2000 rw-p 00000000 00:00 0                          [stack:29466]
7f4d4c6b2000-7f4d4c6b5000 ---p 00000000 00:00 0 
7f4d4c6b5000-7f4d4c7b3000 rw-p 00000000 00:00 0                          [stack:29465]
7f4d4c7b3000-7f4d4c7b6000 ---p 00000000 00:00 0 
7f4d4c7b6000-7f4d4c8b4000 rw-p 00000000 00:00 0                          [stack:29461]
7f4d4c8b4000-7f4d4c8b7000 ---p 00000000 00:00 0 
7f4d4c8b7000-7f4d4c9b5000 rw-p 00000000 00:00 0                          [stack:29460]
7f4d4c9b5000-7f4d4c9b8000 ---p 00000000 00:00 0 
7f4d4c9b8000-7f4d4cab6000 rw-p 00000000 00:00 0                          [stack:29459]
7f4d4cab6000-7f4d4caba000 r-xp 00000000 08:01 5637769                    /home/miere/Programs/jdk1.8.0_31/jre/lib/amd64/libdt_socket.so
7f4d4caba000-7f4d4ccb9000 ---p 00004000 08:01 5637769                    /home/miere/Programs/jdk1.8.0_31/jre/lib/amd64/libdt_socket.so
7f4d4ccb9000-7f4d4ccba000 rw-p 00003000 08:01 5637769                    /home/miere/Programs/jdk1.8.0_31/jre/lib/amd64/libdt_socket.so
7f4d4ccba000-7f4d4ccbd000 ---p 00000000 00:00 0 
7f4d4ccbd000-7f4d4cdbb000 rw-p 00000000 00:00 0                          [stack:29457]
7f4d4cdbb000-7f4d4cdbe000 ---p 00000000 00:00 0 
7f4d4cdbe000-7f4d4cebc000 rw-p 00000000 00:00 0                          [stack:29456]
7f4d4cebc000-7f4d4cebf000 ---p 00000000 00:00 0 
7f4d4cebf000-7f4d4cfbd000 rw-p 00000000 00:00 0                          [stack:29455]
7f4d4cfbd000-7f4d4cfbe000 ---p 00000000 00:00 0 
7f4d4cfbe000-7f4d50000000 rw-p 00000000 00:00 0                          [stack:29454]
7f4d50000000-7f4d50021000 rw-p 00000000 00:00 0 
7f4d50021000-7f4d54000000 ---p 00000000 00:00 0 
7f4d54000000-7f4d54002000 rw-p 00000000 00:00 0 
7f4d54002000-7f4d5400b000 r--s 0006f000 08:01 10355181                   /home/miere/.m2/repository/log4j/log4j/1.2.17/log4j-1.2.17.jar
7f4d5400b000-7f4d54027000 r--s 00103000 08:01 10093530                   /home/miere/.m2/repository/org/mockito/mockito-core/1.10.19/mockito-core-1.10.19.jar
7f4d54027000-7f4d5404a000 r--s 001b4000 08:01 11815617                   /home/miere/.m2/repository/io/undertow/undertow-core/1.2.6.Final/undertow-core-1.2.6.Final.jar
7f4d5404a000-7f4d54e2a000 rw-p 00000000 00:00 0 
7f4d54e2a000-7f4d55000000 r--s 03cae000 08:01 5637602                    /home/miere/Programs/jdk1.8.0_31/jre/lib/rt.jar
7f4d55000000-7f4d55360000 rwxp 00000000 00:00 0 
7f4d55360000-7f4d64000000 ---p 00000000 00:00 0 
7f4d64000000-7f4d64532000 rw-p 00000000 00:00 0 
7f4d64532000-7f4d68000000 ---p 00000000 00:00 0 
7f4d68000000-7f4d68001000 rw-p 00000000 00:00 0 
7f4d68001000-7f4d68005000 r--s 00019000 08:01 132272                     /home/miere/.m2/repository/com/github/spullara/mustache/java/compiler/0.8.14/compiler-0.8.14.jar
7f4d68005000-7f4d68017000 r--s 00110000 08:01 131619                     /home/miere/.m2/repository/org/projectlombok/lombok/1.14.8/lombok-1.14.8.jar
7f4d68017000-7f4d6801f000 r--s 00045000 08:01 132480                     /home/miere/.m2/repository/junit/junit/4.12/junit-4.12.jar
7f4d6801f000-7f4d68815000 rw-p 00000000 00:00 0 
7f4d68815000-7f4d68895000 ---p 00000000 00:00 0 
7f4d68895000-7f4d68b69000 rw-p 00000000 00:00 0 
7f4d68b69000-7f4d68b6a000 ---p 00000000 00:00 0 
7f4d68b6a000-7f4d68c6a000 rw-p 00000000 00:00 0                          [stack:29452]
7f4d68c6a000-7f4d68c6b000 ---p 00000000 00:00 0 
7f4d68c6b000-7f4d68d6b000 rw-p 00000000 00:00 0                          [stack:29451]
7f4d68d6b000-7f4d68d6c000 ---p 00000000 00:00 0 
7f4d68d6c000-7f4d68e6c000 rw-p 00000000 00:00 0                          [stack:29450]
7f4d68e6c000-7f4d68e6d000 ---p 00000000 00:00 0 
7f4d68e6d000-7f4d68f8c000 rw-p 00000000 00:00 0                          [stack:29449]
7f4d68f8c000-7f4d69150000 ---p 00000000 00:00 0 
7f4d69150000-7f4d6916f000 rw-p 00000000 00:00 0 
7f4d6916f000-7f4d69332000 ---p 00000000 00:00 0 
7f4d69332000-7f4d69342000 rw-p 00000000 00:00 0 
7f4d69342000-7f4d69424000 ---p 00000000 00:00 0 
7f4d69424000-7f4d69433000 rw-p 00000000 00:00 0 
7f4d69433000-7f4d697e5000 ---p 00000000 00:00 0 
7f4d697e5000-7f4d697ff000 r-xp 00000000 08:01 5637796                    /home/miere/Programs/jdk1.8.0_31/jre/lib/amd64/libzip.so
7f4d697ff000-7f4d699ff000 ---p 0001a000 08:01 5637796                    /home/miere/Programs/jdk1.8.0_31/jre/lib/amd64/libzip.so
7f4d699ff000-7f4d69a00000 rw-p 0001a000 08:01 5637796                    /home/miere/Programs/jdk1.8.0_31/jre/lib/amd64/libzip.so
7f4d69a00000-7f4d69a0b000 r-xp 00000000 08:12 140246                     /lib/x86_64-linux-gnu/libnss_files-2.19.so
7f4d69a0b000-7f4d69c0a000 ---p 0000b000 08:12 140246                     /lib/x86_64-linux-gnu/libnss_files-2.19.so
7f4d69c0a000-7f4d69c0b000 r--p 0000a000 08:12 140246                     /lib/x86_64-linux-gnu/libnss_files-2.19.so
7f4d69c0b000-7f4d69c0c000 rw-p 0000b000 08:12 140246                     /lib/x86_64-linux-gnu/libnss_files-2.19.so
7f4d69c0c000-7f4d69c17000 r-xp 00000000 08:12 140248                     /lib/x86_64-linux-gnu/libnss_nis-2.19.so
7f4d69c17000-7f4d69e16000 ---p 0000b000 08:12 140248                     /lib/x86_64-linux-gnu/libnss_nis-2.19.so
7f4d69e16000-7f4d69e17000 r--p 0000a000 08:12 140248                     /lib/x86_64-linux-gnu/libnss_nis-2.19.so
7f4d69e17000-7f4d69e18000 rw-p 0000b000 08:12 140248                     /lib/x86_64-linux-gnu/libnss_nis-2.19.so
7f4d69e18000-7f4d69e2f000 r-xp 00000000 08:12 140232                     /lib/x86_64-linux-gnu/libnsl-2.19.so
7f4d69e2f000-7f4d6a02e000 ---p 00017000 08:12 140232                     /lib/x86_64-linux-gnu/libnsl-2.19.so
7f4d6a02e000-7f4d6a02f000 r--p 00016000 08:12 140232                     /lib/x86_64-linux-gnu/libnsl-2.19.so
7f4d6a02f000-7f4d6a030000 rw-p 00017000 08:12 140232                     /lib/x86_64-linux-gnu/libnsl-2.19.so
7f4d6a030000-7f4d6a032000 rw-p 00000000 00:00 0 
7f4d6a032000-7f4d6a03b000 r-xp 00000000 08:12 140233                     /lib/x86_64-linux-gnu/libnss_compat-2.19.so
7f4d6a03b000-7f4d6a23a000 ---p 00009000 08:12 140233                     /lib/x86_64-linux-gnu/libnss_compat-2.19.so
7f4d6a23a000-7f4d6a23b000 r--p 00008000 08:12 140233                     /lib/x86_64-linux-gnu/libnss_compat-2.19.so
7f4d6a23b000-7f4d6a23c000 rw-p 00009000 08:12 140233                     /lib/x86_64-linux-gnu/libnss_compat-2.19.so
7f4d6a23c000-7f4d6a91f000 r--p 00000000 08:12 267119                     /usr/lib/locale/locale-archive
7f4d6a91f000-7f4d6a921000 r-xp 00000000 08:01 5637770                    /home/miere/Programs/jdk1.8.0_31/jre/lib/amd64/libnpt.so
7f4d6a921000-7f4d6ab21000 ---p 00002000 08:01 5637770                    /home/miere/Programs/jdk1.8.0_31/jre/lib/amd64/libnpt.so
7f4d6ab21000-7f4d6ab22000 rw-p 00002000 08:01 5637770                    /home/miere/Programs/jdk1.8.0_31/jre/lib/amd64/libnpt.so
7f4d6ab22000-7f4d6ab5b000 r-xp 00000000 08:01 5637787                    /home/miere/Programs/jdk1.8.0_31/jre/lib/amd64/libjdwp.so
7f4d6ab5b000-7f4d6ad5a000 ---p 00039000 08:01 5637787                    /home/miere/Programs/jdk1.8.0_31/jre/lib/amd64/libjdwp.so
7f4d6ad5a000-7f4d6ad5c000 rw-p 00038000 08:01 5637787                    /home/miere/Programs/jdk1.8.0_31/jre/lib/amd64/libjdwp.so
7f4d6ad5c000-7f4d6ad86000 r-xp 00000000 08:01 5637791                    /home/miere/Programs/jdk1.8.0_31/jre/lib/amd64/libjava.so
7f4d6ad86000-7f4d6af86000 ---p 0002a000 08:01 5637791                    /home/miere/Programs/jdk1.8.0_31/jre/lib/amd64/libjava.so
7f4d6af86000-7f4d6af88000 rw-p 0002a000 08:01 5637791                    /home/miere/Programs/jdk1.8.0_31/jre/lib/amd64/libjava.so
7f4d6af88000-7f4d6af95000 r-xp 00000000 08:01 5637795                    /home/miere/Programs/jdk1.8.0_31/jre/lib/amd64/libverify.so
7f4d6af95000-7f4d6b195000 ---p 0000d000 08:01 5637795                    /home/miere/Programs/jdk1.8.0_31/jre/lib/amd64/libverify.so
7f4d6b195000-7f4d6b197000 rw-p 0000d000 08:01 5637795                    /home/miere/Programs/jdk1.8.0_31/jre/lib/amd64/libverify.so
7f4d6b197000-7f4d6b19e000 r-xp 00000000 08:12 140249                     /lib/x86_64-linux-gnu/librt-2.19.so
7f4d6b19e000-7f4d6b39d000 ---p 00007000 08:12 140249                     /lib/x86_64-linux-gnu/librt-2.19.so
7f4d6b39d000-7f4d6b39e000 r--p 00006000 08:12 140249                     /lib/x86_64-linux-gnu/librt-2.19.so
7f4d6b39e000-7f4d6b39f000 rw-p 00007000 08:12 140249                     /lib/x86_64-linux-gnu/librt-2.19.so
7f4d6b39f000-7f4d6b4a4000 r-xp 00000000 08:12 140228                     /lib/x86_64-linux-gnu/libm-2.19.so
7f4d6b4a4000-7f4d6b6a3000 ---p 00105000 08:12 140228                     /lib/x86_64-linux-gnu/libm-2.19.so
7f4d6b6a3000-7f4d6b6a4000 r--p 00104000 08:12 140228                     /lib/x86_64-linux-gnu/libm-2.19.so
7f4d6b6a4000-7f4d6b6a5000 rw-p 00105000 08:12 140228                     /lib/x86_64-linux-gnu/libm-2.19.so
7f4d6b6a5000-7f4d6c313000 r-xp 00000000 08:01 5637777                    /home/miere/Programs/jdk1.8.0_31/jre/lib/amd64/server/libjvm.so
7f4d6c313000-7f4d6c512000 ---p 00c6e000 08:01 5637777                    /home/miere/Programs/jdk1.8.0_31/jre/lib/amd64/server/libjvm.so
7f4d6c512000-7f4d6c5e8000 rw-p 00c6d000 08:01 5637777                    /home/miere/Programs/jdk1.8.0_31/jre/lib/amd64/server/libjvm.so
7f4d6c5e8000-7f4d6c62b000 rw-p 00000000 00:00 0 
7f4d6c62b000-7f4d6c7e5000 r-xp 00000000 08:12 140247                     /lib/x86_64-linux-gnu/libc-2.19.so
7f4d6c7e5000-7f4d6c9e4000 ---p 001ba000 08:12 140247                     /lib/x86_64-linux-gnu/libc-2.19.so
7f4d6c9e4000-7f4d6c9e8000 r--p 001b9000 08:12 140247                     /lib/x86_64-linux-gnu/libc-2.19.so
7f4d6c9e8000-7f4d6c9ea000 rw-p 001bd000 08:12 140247                     /lib/x86_64-linux-gnu/libc-2.19.so
7f4d6c9ea000-7f4d6c9ef000 rw-p 00000000 00:00 0 
7f4d6c9ef000-7f4d6c9f2000 r-xp 00000000 08:12 140235                     /lib/x86_64-linux-gnu/libdl-2.19.so
7f4d6c9f2000-7f4d6cbf1000 ---p 00003000 08:12 140235                     /lib/x86_64-linux-gnu/libdl-2.19.so
7f4d6cbf1000-7f4d6cbf2000 r--p 00002000 08:12 140235                     /lib/x86_64-linux-gnu/libdl-2.19.so
7f4d6cbf2000-7f4d6cbf3000 rw-p 00003000 08:12 140235                     /lib/x86_64-linux-gnu/libdl-2.19.so
7f4d6cbf3000-7f4d6cc08000 r-xp 00000000 08:01 5637418                    /home/miere/Programs/jdk1.8.0_31/lib/amd64/jli/libjli.so
7f4d6cc08000-7f4d6ce07000 ---p 00015000 08:01 5637418                    /home/miere/Programs/jdk1.8.0_31/lib/amd64/jli/libjli.so
7f4d6ce07000-7f4d6ce08000 rw-p 00014000 08:01 5637418                    /home/miere/Programs/jdk1.8.0_31/lib/amd64/jli/libjli.so
7f4d6ce08000-7f4d6ce21000 r-xp 00000000 08:12 140236                     /lib/x86_64-linux-gnu/libpthread-2.19.so
7f4d6ce21000-7f4d6d020000 ---p 00019000 08:12 140236                     /lib/x86_64-linux-gnu/libpthread-2.19.so
7f4d6d020000-7f4d6d021000 r--p 00018000 08:12 140236                     /lib/x86_64-linux-gnu/libpthread-2.19.so
7f4d6d021000-7f4d6d022000 rw-p 00019000 08:12 140236                     /lib/x86_64-linux-gnu/libpthread-2.19.so
7f4d6d022000-7f4d6d026000 rw-p 00000000 00:00 0 
7f4d6d026000-7f4d6d049000 r-xp 00000000 08:12 140242                     /lib/x86_64-linux-gnu/ld-2.19.so
7f4d6d049000-7f4d6d04b000 r--s 00001000 08:01 9306252                    /home/miere/.m2/repository/org/slf4j/slf4j-log4j12/1.7.12/slf4j-log4j12-1.7.12.jar
7f4d6d04b000-7f4d6d04c000 r--s 00004000 08:01 9832228                    /home/miere/.m2/repository/io/skullabs/trip/trip-processor/2.0.0-SNAPSHOT/trip-processor-2.0.0-SNAPSHOT.jar
7f4d6d04c000-7f4d6d04e000 r--s 00009000 08:01 10093533                   /home/miere/.m2/repository/org/objenesis/objenesis/2.1/objenesis-2.1.jar
7f4d6d04e000-7f4d6d050000 r--s 00009000 08:01 131616                     /home/miere/.m2/repository/org/hamcrest/hamcrest-core/1.3/hamcrest-core-1.3.jar
7f4d6d050000-7f4d6d056000 r--s 00053000 08:01 11816010                   /home/miere/.m2/repository/com/hazelcast/hazelcast-client/3.4.2/hazelcast-client-3.4.2.jar
7f4d6d056000-7f4d6d057000 r--s 00005000 08:01 9177121                    /home/miere/.m2/repository/com/eclipsesource/minimal-json/minimal-json/0.9.1/minimal-json-0.9.1.jar
7f4d6d057000-7f4d6d05b000 r--s 00010000 08:01 8919511                    /home/miere/.m2/repository/io/skullabs/kikaha/kikaha-urouting/1.5.0-SNAPSHOT/kikaha-urouting-1.5.0-SNAPSHOT.jar
7f4d6d05b000-7f4d6d060000 r--s 00031000 08:01 132477                     /home/miere/.m2/repository/com/typesafe/config/1.2.0/config-1.2.0.jar
7f4d6d060000-7f4d6d063000 r--s 00016000 08:01 11815621                   /home/miere/.m2/repository/org/jboss/xnio/xnio-nio/3.3.1.Final/xnio-nio-3.3.1.Final.jar
7f4d6d063000-7f4d6d124000 rw-p 00000000 00:00 0 
7f4d6d124000-7f4d6d127000 ---p 00000000 00:00 0 
7f4d6d127000-7f4d6d229000 rw-p 00000000 00:00 0                          [stack:29443]
7f4d6d229000-7f4d6d22a000 r--s 00002000 08:01 132616                     /home/miere/.m2/repository/net/sourceforge/findbugs/annotations/1.3.2/annotations-1.3.2.jar
7f4d6d22a000-7f4d6d22b000 r--s 00007000 08:01 7082585                    /home/miere/.m2/repository/org/slf4j/slf4j-api/1.7.12/slf4j-api-1.7.12.jar
7f4d6d22b000-7f4d6d235000 r--s 00073000 08:01 11815619                   /home/miere/.m2/repository/org/jboss/xnio/xnio-api/3.3.1.Final/xnio-api-3.3.1.Final.jar
7f4d6d235000-7f4d6d237000 r--s 0000c000 08:01 132471                     /home/miere/.m2/repository/org/jboss/logging/jboss-logging/3.1.4.GA/jboss-logging-3.1.4.GA.jar
7f4d6d237000-7f4d6d239000 r--s 00009000 08:01 9832146                    /home/miere/.m2/repository/io/skullabs/trip/trip-core/2.0.0-SNAPSHOT/trip-core-2.0.0-SNAPSHOT.jar
7f4d6d239000-7f4d6d23c000 r--s 00015000 08:01 8919506                    /home/miere/.m2/repository/io/skullabs/kikaha/kikaha-core/1.5.0-SNAPSHOT/kikaha-core-1.5.0-SNAPSHOT.jar
7f4d6d23c000-7f4d6d244000 rw-s 00000000 08:12 664039                     /tmp/hsperfdata_miere/29442
7f4d6d244000-7f4d6d245000 rw-p 00000000 00:00 0 
7f4d6d245000-7f4d6d246000 r--p 00000000 00:00 0 
7f4d6d246000-7f4d6d248000 rw-p 00000000 00:00 0 
7f4d6d248000-7f4d6d249000 r--p 00022000 08:12 140242                     /lib/x86_64-linux-gnu/ld-2.19.so
7f4d6d249000-7f4d6d24a000 rw-p 00023000 08:12 140242                     /lib/x86_64-linux-gnu/ld-2.19.so
7f4d6d24a000-7f4d6d24b000 rw-p 00000000 00:00 0 
7fffeeee6000-7fffeef08000 rw-p 00000000 00:00 0                          [stack]
7fffeef45000-7fffeef47000 r-xp 00000000 00:00 0                          [vdso]
7fffeef47000-7fffeef49000 r--p 00000000 00:00 0                          [vvar]
ffffffffff600000-ffffffffff601000 r-xp 00000000 00:00 0                  [vsyscall]

VM Arguments:
jvm_args: -agentlib:jdwp=transport=dt_socket,suspend=y,address=localhost:60434 -Dfile.encoding=UTF-8 
java_command: org.eclipse.jdt.internal.junit.runner.RemoteTestRunner -version 3 -port 51620 -testLoaderClass org.eclipse.jdt.internal.junit4.runner.JUnit4TestLoader -loaderpluginname org.eclipse.jdt.junit4.runtime -classNames kikaha.hazelcast.HazelcastSessionStoreTest
java_class_path (initial): /home/miere/Development/Skullabs/kikaha/kikaha-hazelcast/output/test-classes:/home/miere/Development/Skullabs/kikaha/kikaha-hazelcast/output/classes:/home/miere/.m2/repository/io/skullabs/kikaha/kikaha-core/1.5.0-SNAPSHOT/kikaha-core-1.5.0-SNAPSHOT.jar:/home/miere/.m2/repository/io/skullabs/trip/trip-core/2.0.0-SNAPSHOT/trip-core-2.0.0-SNAPSHOT.jar:/home/miere/.m2/repository/io/undertow/undertow-core/1.2.6.Final/undertow-core-1.2.6.Final.jar:/home/miere/.m2/repository/org/jboss/logging/jboss-logging/3.1.4.GA/jboss-logging-3.1.4.GA.jar:/home/miere/.m2/repository/org/jboss/xnio/xnio-api/3.3.1.Final/xnio-api-3.3.1.Final.jar:/home/miere/.m2/repository/org/jboss/xnio/xnio-nio/3.3.1.Final/xnio-nio-3.3.1.Final.jar:/home/miere/.m2/repository/com/typesafe/config/1.2.0/config-1.2.0.jar:/home/miere/.m2/repository/org/slf4j/slf4j-api/1.7.12/slf4j-api-1.7.12.jar:/home/miere/.m2/repository/io/skullabs/kikaha/kikaha-urouting/1.5.0-SNAPSHOT/kikaha-urouting-1.5.0-SNAPSHOT.jar:/home/miere/.m2/repository/com/hazelcast/hazelcast/3.4.2/hazelcast-3.4.2.jar:/home/miere/.m2/repository/net/sourceforge/findbugs/annotations/1.3.2/annotations-1.3.2.jar:/home/miere/.m2/repository/com/eclipsesource/minimal-json/minimal-json/0.9.1/minimal-json-0.9.1.jar:/home/miere/.m2/repository/com/hazelcast/hazelcast-client/3.4.2/hazelcast-client-3.4.2.jar:/home/miere/.m2/repository/junit/junit/4.12/junit-4.12.jar:/home/miere/.m2/repository/org/hamcrest/hamcrest-core/1.3/hamcrest-core-1.3.jar:/home/miere/.m2/repository/org/mockito/mockito-core/1.10.19/mockito-core-1.10.19.jar:/home/miere/.m2/repository/org/objenesis/objenesis/2.1/objenesis-2.1.jar:/home/miere/.m2/repository/org/projectlombok/lombok/1.14.8/lombok-1.14.8.jar:/home/miere/.m2/repository/io/skullabs/trip/trip-processor/2.0.0-SNAPSHOT/trip-processor-2.0.0-SNAPSHOT.jar:/home/miere/.m2/repository/com/github/spullara/mustache/java/compiler/0.8.14/compiler-0.8.14.jar:/home/miere/.m2/repository/com/google/guava/guava/13.0.1/g
Launcher Type: SUN_STANDARD

Environment Variables:
PATH=/usr/local/sbin:/usr/local/bin:/usr/sbin:/usr/bin:/sbin:/bin:/usr/games:/usr/local/games
SHELL=/bin/bash
DISPLAY=:0

Signal Handlers:
SIGSEGV: [libjvm.so+0xa7a650], sa_mask[0]=11111111011111111101111111111110, sa_flags=SA_RESTART|SA_SIGINFO
SIGBUS: [libjvm.so+0xa7a650], sa_mask[0]=11111111011111111101111111111110, sa_flags=SA_RESTART|SA_SIGINFO
SIGFPE: [libjvm.so+0x8e28f0], sa_mask[0]=11111111011111111101111111111110, sa_flags=SA_RESTART|SA_SIGINFO
SIGPIPE: [libjvm.so+0x8e28f0], sa_mask[0]=11111111011111111101111111111110, sa_flags=SA_RESTART|SA_SIGINFO
SIGXFSZ: [libjvm.so+0x8e28f0], sa_mask[0]=11111111011111111101111111111110, sa_flags=SA_RESTART|SA_SIGINFO
SIGILL: [libjvm.so+0x8e28f0], sa_mask[0]=11111111011111111101111111111110, sa_flags=SA_RESTART|SA_SIGINFO
SIGUSR1: SIG_DFL, sa_mask[0]=00000000000000000000000000000000, sa_flags=none
SIGUSR2: [libjvm.so+0x8e4120], sa_mask[0]=00100000000000000000000000000000, sa_flags=SA_RESTART|SA_SIGINFO
SIGHUP: [libjvm.so+0x8e54e0], sa_mask[0]=11111111011111111101111111111110, sa_flags=SA_RESTART|SA_SIGINFO
SIGINT: [libjvm.so+0x8e54e0], sa_mask[0]=11111111011111111101111111111110, sa_flags=SA_RESTART|SA_SIGINFO
SIGTERM: [libjvm.so+0x8e54e0], sa_mask[0]=11111111011111111101111111111110, sa_flags=SA_RESTART|SA_SIGINFO
SIGQUIT: [libjvm.so+0x8e54e0], sa_mask[0]=11111111011111111101111111111110, sa_flags=SA_RESTART|SA_SIGINFO


---------------  S Y S T E M  ---------------

OS:DISTRIB_ID=Ubuntu
DISTRIB_RELEASE=14.10
DISTRIB_CODENAME=utopic
DISTRIB_DESCRIPTION="Ubuntu 14.10"

uname:Linux 3.16.0-36-generic #48-Ubuntu SMP Tue Apr 14 20:08:31 UTC 2015 x86_64
libc:glibc 2.19 NPTL 2.19 
rlimit: STACK 8192k, CORE 0k, NPROC 23065, NOFILE 4096, AS infinity
load average:0,89 0,80 1,03

/proc/meminfo:
MemTotal:        5926920 kB
MemFree:          793736 kB
MemAvailable:    2089960 kB
Buffers:          428292 kB
Cached:          1240920 kB
SwapCached:        14872 kB
Active:          3206836 kB
Inactive:        1507220 kB
Active(anon):    2432552 kB
Inactive(anon):   969436 kB
Active(file):     774284 kB
Inactive(file):   537784 kB
Unevictable:          32 kB
Mlocked:              32 kB
SwapTotal:       1998844 kB
SwapFree:        1953956 kB
Dirty:                68 kB
Writeback:             0 kB
AnonPages:       3030428 kB
Mapped:           444904 kB
Shmem:            357148 kB
Slab:             278076 kB
SReclaimable:     237572 kB
SUnreclaim:        40504 kB
KernelStack:       11200 kB
PageTables:        51760 kB
NFS_Unstable:          0 kB
Bounce:                0 kB
WritebackTmp:          0 kB
CommitLimit:     4962304 kB
Committed_AS:    9026388 kB
VmallocTotal:   34359738367 kB
VmallocUsed:      552832 kB
VmallocChunk:   34359127696 kB
HardwareCorrupted:     0 kB
AnonHugePages:   1032192 kB
HugePages_Total:       0
HugePages_Free:        0
HugePages_Rsvd:        0
HugePages_Surp:        0
Hugepagesize:       2048 kB
DirectMap4k:      108284 kB
DirectMap2M:     5996544 kB


CPU:total 4 (2 cores per cpu, 2 threads per core) family 6 model 58 stepping 9, cmov, cx8, fxsr, mmx, sse, sse2, sse3, ssse3, sse4.1, sse4.2, popcnt, avx, aes, clmul, erms, ht, tsc, tscinvbit, tscinv

/proc/cpuinfo:
processor	: 0
vendor_id	: GenuineIntel
cpu family	: 6
model		: 58
model name	: Intel(R) Core(TM) i5-3317U CPU @ 1.70GHz
stepping	: 9
microcode	: 0x15
cpu MHz		: 2399.988
cache size	: 3072 KB
physical id	: 0
siblings	: 4
core id		: 0
cpu cores	: 2
apicid		: 0
initial apicid	: 0
fpu		: yes
fpu_exception	: yes
cpuid level	: 13
wp		: yes
flags		: fpu vme de pse tsc msr pae mce cx8 apic sep mtrr pge mca cmov pat pse36 clflush dts acpi mmx fxsr sse sse2 ss ht tm pbe syscall nx rdtscp lm constant_tsc arch_perfmon pebs bts rep_good nopl xtopology nonstop_tsc aperfmperf eagerfpu pni pclmulqdq dtes64 monitor ds_cpl vmx est tm2 ssse3 cx16 xtpr pdcm pcid sse4_1 sse4_2 x2apic popcnt tsc_deadline_timer aes xsave avx f16c rdrand lahf_lm ida arat epb xsaveopt pln pts dtherm tpr_shadow vnmi flexpriority ept vpid fsgsbase smep erms
bogomips	: 3392.02
clflush size	: 64
cache_alignment	: 64
address sizes	: 36 bits physical, 48 bits virtual
power management:

processor	: 1
vendor_id	: GenuineIntel
cpu family	: 6
model		: 58
model name	: Intel(R) Core(TM) i5-3317U CPU @ 1.70GHz
stepping	: 9
microcode	: 0x15
cpu MHz		: 2399.988
cache size	: 3072 KB
physical id	: 0
siblings	: 4
core id		: 0
cpu cores	: 2
apicid		: 1
initial apicid	: 1
fpu		: yes
fpu_exception	: yes
cpuid level	: 13
wp		: yes
flags		: fpu vme de pse tsc msr pae mce cx8 apic sep mtrr pge mca cmov pat pse36 clflush dts acpi mmx fxsr sse sse2 ss ht tm pbe syscall nx rdtscp lm constant_tsc arch_perfmon pebs bts rep_good nopl xtopology nonstop_tsc aperfmperf eagerfpu pni pclmulqdq dtes64 monitor ds_cpl vmx est tm2 ssse3 cx16 xtpr pdcm pcid sse4_1 sse4_2 x2apic popcnt tsc_deadline_timer aes xsave avx f16c rdrand lahf_lm ida arat epb xsaveopt pln pts dtherm tpr_shadow vnmi flexpriority ept vpid fsgsbase smep erms
bogomips	: 3392.02
clflush size	: 64
cache_alignment	: 64
address sizes	: 36 bits physical, 48 bits virtual
power management:

processor	: 2
vendor_id	: GenuineIntel
cpu family	: 6
model		: 58
model name	: Intel(R) Core(TM) i5-3317U CPU @ 1.70GHz
stepping	: 9
microcode	: 0x15
cpu MHz		: 2399.988
cache size	: 3072 KB
physical id	: 0
siblings	: 4
core id		: 1
cpu cores	: 2
apicid		: 2
initial apicid	: 2
fpu		: yes
fpu_exception	: yes
cpuid level	: 13
wp		: yes
flags		: fpu vme de pse tsc msr pae mce cx8 apic sep mtrr pge mca cmov pat pse36 clflush dts acpi mmx fxsr sse sse2 ss ht tm pbe syscall nx rdtscp lm constant_tsc arch_perfmon pebs bts rep_good nopl xtopology nonstop_tsc aperfmperf eagerfpu pni pclmulqdq dtes64 monitor ds_cpl vmx est tm2 ssse3 cx16 xtpr pdcm pcid sse4_1 sse4_2 x2apic popcnt tsc_deadline_timer aes xsave avx f16c rdrand lahf_lm ida arat epb xsaveopt pln pts dtherm tpr_shadow vnmi flexpriority ept vpid fsgsbase smep erms
bogomips	: 3392.02
clflush size	: 64
cache_alignment	: 64
address sizes	: 36 bits physical, 48 bits virtual
power management:

processor	: 3
vendor_id	: GenuineIntel
cpu family	: 6
model		: 58
model name	: Intel(R) Core(TM) i5-3317U CPU @ 1.70GHz
stepping	: 9
microcode	: 0x15
cpu MHz		: 2399.988
cache size	: 3072 KB
physical id	: 0
siblings	: 4
core id		: 1
cpu cores	: 2
apicid		: 3
initial apicid	: 3
fpu		: yes
fpu_exception	: yes
cpuid level	: 13
wp		: yes
flags		: fpu vme de pse tsc msr pae mce cx8 apic sep mtrr pge mca cmov pat pse36 clflush dts acpi mmx fxsr sse sse2 ss ht tm pbe syscall nx rdtscp lm constant_tsc arch_perfmon pebs bts rep_good nopl xtopology nonstop_tsc aperfmperf eagerfpu pni pclmulqdq dtes64 monitor ds_cpl vmx est tm2 ssse3 cx16 xtpr pdcm pcid sse4_1 sse4_2 x2apic popcnt tsc_deadline_timer aes xsave avx f16c rdrand lahf_lm ida arat epb xsaveopt pln pts dtherm tpr_shadow vnmi flexpriority ept vpid fsgsbase smep erms
bogomips	: 3392.02
clflush size	: 64
cache_alignment	: 64
address sizes	: 36 bits physical, 48 bits virtual
power management:



Memory: 4k page, physical 5926920k(793736k free), swap 1998844k(1953956k free)

vm_info: Java HotSpot(TM) 64-Bit Server VM (25.31-b07) for linux-amd64 JRE (1.8.0_31-b13), built on Dec 17 2014 20:40:15 by "java_re" with gcc 4.3.0 20080428 (Red Hat 4.3.0-8)

time: Wed Jul 22 22:48:39 2015
elapsed time: 464 seconds (0d 0h 7m 44s)

